f:\library\sources\mafia2-online-master\objs\libpng\debug\libpng.pch
f:\library\sources\mafia2-online-master\objs\libpng\debug\libpng.pdb
f:\library\sources\mafia2-online-master\objs\libpng\debug\libpng.idb
f:\library\sources\mafia2-online-master\objs\libpng\debug\pngerror.obj
f:\library\sources\mafia2-online-master\objs\libpng\debug\png.obj
f:\library\sources\mafia2-online-master\objs\libpng\debug\pngwutil.obj
f:\library\sources\mafia2-online-master\objs\libpng\debug\pngwtran.obj
f:\library\sources\mafia2-online-master\objs\libpng\debug\pngwrite.obj
f:\library\sources\mafia2-online-master\objs\libpng\debug\pngwio.obj
f:\library\sources\mafia2-online-master\objs\libpng\debug\pngtrans.obj
f:\library\sources\mafia2-online-master\objs\libpng\debug\pngset.obj
f:\library\sources\mafia2-online-master\objs\libpng\debug\pngrutil.obj
f:\library\sources\mafia2-online-master\objs\libpng\debug\pngrtran.obj
f:\library\sources\mafia2-online-master\objs\libpng\debug\pngrio.obj
f:\library\sources\mafia2-online-master\objs\libpng\debug\pngread.obj
f:\library\sources\mafia2-online-master\objs\libpng\debug\pngpread.obj
f:\library\sources\mafia2-online-master\objs\libpng\debug\pngmem.obj
f:\library\sources\mafia2-online-master\objs\libpng\debug\pngget.obj
f:\library\sources\mafia2-online-master\libs\debug\libpng_d.lib
f:\library\sources\mafia2-online-master\libs\debug\libpng.pdb
f:\library\sources\mafia2-online-master\objs\libpng\debug\libpng.tlog\cl.command.1.tlog
f:\library\sources\mafia2-online-master\objs\libpng\debug\libpng.tlog\cl.read.1.tlog
f:\library\sources\mafia2-online-master\objs\libpng\debug\libpng.tlog\cl.write.1.tlog
f:\library\sources\mafia2-online-master\objs\libpng\debug\libpng.tlog\lib-link.read.1.tlog
f:\library\sources\mafia2-online-master\objs\libpng\debug\libpng.tlog\lib-link.write.1.tlog
f:\library\sources\mafia2-online-master\objs\libpng\debug\libpng.tlog\lib.command.1.tlog
