f:\library\sources\mafia2-online-master\objs\server.core\debug\vc141.pdb
f:\library\sources\mafia2-online-master\objs\server.core\debug\sqlite3.obj
f:\library\sources\mafia2-online-master\objs\server.core\debug\mongoose.obj
f:\library\sources\mafia2-online-master\objs\server.core\debug\sqvm.obj
f:\library\sources\mafia2-online-master\objs\server.core\debug\sqtable.obj
f:\library\sources\mafia2-online-master\objs\server.core\debug\sqstdsystem.obj
f:\library\sources\mafia2-online-master\objs\server.core\debug\sqstdstring.obj
f:\library\sources\mafia2-online-master\objs\server.core\debug\sqstdstream.obj
f:\library\sources\mafia2-online-master\objs\server.core\debug\sqstdrex.obj
f:\library\sources\mafia2-online-master\objs\server.core\debug\sqstdmath.obj
f:\library\sources\mafia2-online-master\objs\server.core\debug\sqstdio.obj
f:\library\sources\mafia2-online-master\objs\server.core\debug\sqstdblob.obj
f:\library\sources\mafia2-online-master\objs\server.core\debug\sqstdaux.obj
f:\library\sources\mafia2-online-master\objs\server.core\debug\sqstate.obj
f:\library\sources\mafia2-online-master\objs\server.core\debug\sqobject.obj
f:\library\sources\mafia2-online-master\objs\server.core\debug\sqmem.obj
f:\library\sources\mafia2-online-master\objs\server.core\debug\sqlexer.obj
f:\library\sources\mafia2-online-master\objs\server.core\debug\sqfuncstate.obj
f:\library\sources\mafia2-online-master\objs\server.core\debug\sqdebug.obj
f:\library\sources\mafia2-online-master\objs\server.core\debug\sqcompiler.obj
f:\library\sources\mafia2-online-master\objs\server.core\debug\sqclass.obj
f:\library\sources\mafia2-online-master\objs\server.core\debug\sqbaselib.obj
f:\library\sources\mafia2-online-master\objs\server.core\debug\sqapi.obj
f:\library\sources\mafia2-online-master\objs\server.core\debug\cblipnatives.obj
f:\library\sources\mafia2-online-master\objs\server.core\debug\careanatives.obj
f:\library\sources\mafia2-online-master\objs\server.core\debug\csquirrelcommon.obj
f:\library\sources\mafia2-online-master\objs\server.core\debug\csquirrelarguments.obj
f:\library\sources\mafia2-online-master\objs\server.core\debug\csquirrel.obj
f:\library\sources\mafia2-online-master\objs\server.core\debug\cscriptingmanager.obj
f:\library\sources\mafia2-online-master\objs\server.core\debug\cwinsock.obj
f:\library\sources\mafia2-online-master\objs\server.core\debug\cnetworkstats.obj
f:\library\sources\mafia2-online-master\objs\server.core\debug\chttpclient.obj
f:\library\sources\mafia2-online-master\objs\server.core\debug\md5.obj
f:\library\sources\mafia2-online-master\objs\server.core\debug\linux.obj
f:\library\sources\mafia2-online-master\objs\server.core\debug\cgame.obj
f:\library\sources\mafia2-online-master\objs\server.core\debug\cxml.obj
f:\library\sources\mafia2-online-master\objs\server.core\debug\cstring.obj
f:\library\sources\mafia2-online-master\objs\server.core\debug\csqlite.obj
f:\library\sources\mafia2-online-master\objs\server.core\debug\csettings.obj
f:\library\sources\mafia2-online-master\objs\server.core\debug\clogfile.obj
f:\library\sources\mafia2-online-master\objs\server.core\debug\clibrary.obj
f:\library\sources\mafia2-online-master\objs\server.core\debug\cevents.obj
f:\library\sources\mafia2-online-master\objs\server.core\debug\ccommands.obj
f:\library\sources\mafia2-online-master\objs\server.core\debug\ccore.obj
f:\library\sources\mafia2-online-master\objs\server.core\debug\cclientscriptingmanager.obj
f:\library\sources\mafia2-online-master\objs\server.core\debug\cblipmanager.obj
f:\library\sources\mafia2-online-master\objs\server.core\debug\cblip.obj
f:\library\sources\mafia2-online-master\objs\server.core\debug\cbannatives.obj
f:\library\sources\mafia2-online-master\objs\server.core\debug\cbanmanager.obj
f:\library\sources\mafia2-online-master\objs\server.core\debug\ctimermanager.obj
f:\library\sources\mafia2-online-master\objs\server.core\debug\ctimer.obj
f:\library\sources\mafia2-online-master\objs\server.core\debug\cthread.obj
f:\library\sources\mafia2-online-master\objs\server.core\debug\cmutex.obj
f:\library\sources\mafia2-online-master\objs\server.core\debug\sharedutility.obj
f:\library\sources\mafia2-online-master\objs\server.core\debug\cxmlnatives.obj
f:\library\sources\mafia2-online-master\objs\server.core\debug\cutilnatives.obj
f:\library\sources\mafia2-online-master\objs\server.core\debug\ctimernatives.obj
f:\library\sources\mafia2-online-master\objs\server.core\debug\csystemnatives.obj
f:\library\sources\mafia2-online-master\objs\server.core\debug\csqlitenatives.obj
f:\library\sources\mafia2-online-master\objs\server.core\debug\csharedvehiclenatives.obj
f:\library\sources\mafia2-online-master\objs\server.core\debug\csharedplayernatives.obj
f:\library\sources\mafia2-online-master\objs\server.core\debug\chashnatives.obj
f:\library\sources\mafia2-online-master\objs\server.core\debug\ceventnatives.obj
f:\library\sources\mafia2-online-master\objs\server.core\debug\cwhowas.obj
f:\library\sources\mafia2-online-master\objs\server.core\debug\cwebserver.obj
f:\library\sources\mafia2-online-master\objs\server.core\debug\cwebrequest.obj
f:\library\sources\mafia2-online-master\objs\server.core\debug\cvehiclenatives.obj
f:\library\sources\mafia2-online-master\objs\server.core\debug\cvehiclemanager.obj
f:\library\sources\mafia2-online-master\objs\server.core\debug\cservernatives.obj
f:\library\sources\mafia2-online-master\objs\server.core\debug\cresourcemanager.obj
f:\library\sources\mafia2-online-master\objs\server.core\debug\cquery.obj
f:\library\sources\mafia2-online-master\objs\server.core\debug\cplayernatives.obj
f:\library\sources\mafia2-online-master\objs\server.core\debug\cplayermanager.obj
f:\library\sources\mafia2-online-master\objs\server.core\debug\cpedmanager.obj
f:\library\sources\mafia2-online-master\objs\server.core\debug\cped.obj
f:\library\sources\mafia2-online-master\objs\server.core\debug\cnetworkvehicle.obj
f:\library\sources\mafia2-online-master\objs\server.core\debug\cnetworkrpc.obj
f:\library\sources\mafia2-online-master\objs\server.core\debug\cnetworkplayer.obj
f:\library\sources\mafia2-online-master\objs\server.core\debug\cnetworkmodule.obj
f:\library\sources\mafia2-online-master\objs\server.core\debug\cmodulemanager.obj
f:\library\sources\mafia2-online-master\objs\server.core\debug\cmodule.obj
f:\library\sources\mafia2-online-master\objs\server.core\debug\cmasterlist.obj
f:\library\sources\mafia2-online-master\objs\server.core\debug\chttpnatives.obj
f:\library\sources\mafia2-online-master\objs\server.core\debug\main.obj
f:\library\sources\mafia2-online-master\binary\debug\m2online-svr.exe
f:\library\sources\mafia2-online-master\binary\debug\m2online-svr.pdb
f:\library\sources\mafia2-online-master\objs\server.core\debug\server.core.tlog\cl.command.1.tlog
f:\library\sources\mafia2-online-master\objs\server.core\debug\server.core.tlog\cl.read.1.tlog
f:\library\sources\mafia2-online-master\objs\server.core\debug\server.core.tlog\cl.write.1.tlog
f:\library\sources\mafia2-online-master\objs\server.core\debug\server.core.tlog\link.command.1.tlog
f:\library\sources\mafia2-online-master\objs\server.core\debug\server.core.tlog\link.read.1.tlog
f:\library\sources\mafia2-online-master\objs\server.core\debug\server.core.tlog\link.write.1.tlog
