  StdInc.cpp
  FalButton.cpp
  FalCheckbox.cpp
  FalCombobox.cpp
  FalComboDropList.cpp
  FalEditbox.cpp
  FalFrameWindow.cpp
  FalListbox.cpp
  FalListHeader.cpp
  FalListHeaderProperties.cpp
  FalListHeaderSegment.cpp
  FalListHeaderSegmentProperties.cpp
  FalMenuBar.cpp
  FalMenuItem.cpp
  FalModule.cpp
  FalMultiColumnList.cpp
  FalMultiLineEditbox.cpp
  FalMultiLineEditboxProperties.cpp
  FalPopupMenu.cpp
  FalProgressBar.cpp
  FalProgressBarProperties.cpp
  Compiling...
  FalRadioButton.cpp
  FalScrollablePane.cpp
  FalScrollbar.cpp
  FalScrollbarProperties.cpp
  FalSlider.cpp
  FalSliderProperties.cpp
  FalSpinner.cpp
  FalStaticImage.cpp
  FalStaticText.cpp
  FalSystemButton.cpp
  FalTabButton.cpp
  FalTabControl.cpp
  FalTabControlProperties.cpp
  FalTabPane.cpp
  FalThumb.cpp
  FalTitlebar.cpp
  FalTooltip.cpp
  Falagard.vcxproj -> D:\Pub\R&R\mafia2\m2mp\Libs\Release\CEGUI - FalagardBase.lib
