f:\library\sources\mafia2-online-master\objs\zlib\debug\zlib.pdb
f:\library\sources\mafia2-online-master\objs\zlib\debug\zlib.idb
f:\library\sources\mafia2-online-master\objs\zlib\debug\adler32.obj
f:\library\sources\mafia2-online-master\objs\zlib\debug\compress.obj
f:\library\sources\mafia2-online-master\objs\zlib\debug\crc32.obj
f:\library\sources\mafia2-online-master\objs\zlib\debug\deflate.obj
f:\library\sources\mafia2-online-master\objs\zlib\debug\gzclose.obj
f:\library\sources\mafia2-online-master\objs\zlib\debug\gzlib.obj
f:\library\sources\mafia2-online-master\objs\zlib\debug\gzread.obj
f:\library\sources\mafia2-online-master\objs\zlib\debug\gzwrite.obj
f:\library\sources\mafia2-online-master\objs\zlib\debug\infback.obj
f:\library\sources\mafia2-online-master\objs\zlib\debug\inffast.obj
f:\library\sources\mafia2-online-master\objs\zlib\debug\inflate.obj
f:\library\sources\mafia2-online-master\objs\zlib\debug\inftrees.obj
f:\library\sources\mafia2-online-master\objs\zlib\debug\trees.obj
f:\library\sources\mafia2-online-master\objs\zlib\debug\uncompr.obj
f:\library\sources\mafia2-online-master\objs\zlib\debug\zutil.obj
f:\library\sources\mafia2-online-master\libs\debug\zlib.lib
f:\library\sources\mafia2-online-master\libs\debug\zlib.pdb
f:\library\sources\mafia2-online-master\objs\zlib\debug\zlib.tlog\cl.command.1.tlog
f:\library\sources\mafia2-online-master\objs\zlib\debug\zlib.tlog\cl.read.1.tlog
f:\library\sources\mafia2-online-master\objs\zlib\debug\zlib.tlog\cl.write.1.tlog
f:\library\sources\mafia2-online-master\objs\zlib\debug\zlib.tlog\lib-link.read.1.tlog
f:\library\sources\mafia2-online-master\objs\zlib\debug\zlib.tlog\lib-link.write.1.tlog
f:\library\sources\mafia2-online-master\objs\zlib\debug\zlib.tlog\lib.command.1.tlog
