f:\library\sources\mafia2-online-master\objs\raknetstatic\debug\raknetstatic.pdb
f:\library\sources\mafia2-online-master\objs\raknetstatic\debug\raknetstatic.idb
f:\library\sources\mafia2-online-master\objs\raknetstatic\debug\emailsender.obj
f:\library\sources\mafia2-online-master\objs\raknetstatic\debug\dyndns.obj
f:\library\sources\mafia2-online-master\objs\raknetstatic\debug\ds_table.obj
f:\library\sources\mafia2-online-master\objs\raknetstatic\debug\ds_huffmanencodingtree.obj
f:\library\sources\mafia2-online-master\objs\raknetstatic\debug\ds_bytequeue.obj
f:\library\sources\mafia2-online-master\objs\raknetstatic\debug\ds_bytepool.obj
f:\library\sources\mafia2-online-master\objs\raknetstatic\debug\dr_sha1.obj
f:\library\sources\mafia2-online-master\objs\raknetstatic\debug\directorydeltatransfer.obj
f:\library\sources\mafia2-online-master\objs\raknetstatic\debug\datacompressor.obj
f:\library\sources\mafia2-online-master\objs\raknetstatic\debug\consoleserver.obj
f:\library\sources\mafia2-online-master\objs\raknetstatic\debug\connectiongraph2.obj
f:\library\sources\mafia2-online-master\objs\raknetstatic\debug\commandparserinterface.obj
f:\library\sources\mafia2-online-master\objs\raknetstatic\debug\cloudserver.obj
f:\library\sources\mafia2-online-master\objs\raknetstatic\debug\cloudcommon.obj
f:\library\sources\mafia2-online-master\objs\raknetstatic\debug\cloudclient.obj
f:\library\sources\mafia2-online-master\objs\raknetstatic\debug\checksum.obj
f:\library\sources\mafia2-online-master\objs\raknetstatic\debug\ccraknetudt.obj
f:\library\sources\mafia2-online-master\objs\raknetstatic\debug\ccraknetslidingwindow.obj
f:\library\sources\mafia2-online-master\objs\raknetstatic\debug\bitstream.obj
f:\library\sources\mafia2-online-master\objs\raknetstatic\debug\base64encoder.obj
f:\library\sources\mafia2-online-master\objs\raknetstatic\debug\natpunchthroughclient.obj
f:\library\sources\mafia2-online-master\objs\raknetstatic\debug\messagefilter.obj
f:\library\sources\mafia2-online-master\objs\raknetstatic\debug\logcommandparser.obj
f:\library\sources\mafia2-online-master\objs\raknetstatic\debug\locklesstypes.obj
f:\library\sources\mafia2-online-master\objs\raknetstatic\debug\linuxstrings.obj
f:\library\sources\mafia2-online-master\objs\raknetstatic\debug\itoa.obj
f:\library\sources\mafia2-online-master\objs\raknetstatic\debug\incrementalreadinterface.obj
f:\library\sources\mafia2-online-master\objs\raknetstatic\debug\httpconnection2.obj
f:\library\sources\mafia2-online-master\objs\raknetstatic\debug\httpconnection.obj
f:\library\sources\mafia2-online-master\objs\raknetstatic\debug\gridsectorizer.obj
f:\library\sources\mafia2-online-master\objs\raknetstatic\debug\gettimeofday.obj
f:\library\sources\mafia2-online-master\objs\raknetstatic\debug\gettime.obj
f:\library\sources\mafia2-online-master\objs\raknetstatic\debug\gets.obj
f:\library\sources\mafia2-online-master\objs\raknetstatic\debug\getche.obj
f:\library\sources\mafia2-online-master\objs\raknetstatic\debug\fullyconnectedmesh2.obj
f:\library\sources\mafia2-online-master\objs\raknetstatic\debug\formatstring.obj
f:\library\sources\mafia2-online-master\objs\raknetstatic\debug\fileoperations.obj
f:\library\sources\mafia2-online-master\objs\raknetstatic\debug\filelisttransfer.obj
f:\library\sources\mafia2-online-master\objs\raknetstatic\debug\filelist.obj
f:\library\sources\mafia2-online-master\objs\raknetstatic\debug\epochtimetostring.obj
f:\library\sources\mafia2-online-master\objs\raknetstatic\debug\raknetsocket2_berkley.obj
f:\library\sources\mafia2-online-master\objs\raknetstatic\debug\raknetsocket2_360_720.obj
f:\library\sources\mafia2-online-master\objs\raknetstatic\debug\raknetsocket2.obj
f:\library\sources\mafia2-online-master\objs\raknetstatic\debug\raknetsocket.obj
f:\library\sources\mafia2-online-master\objs\raknetstatic\debug\raknetcommandparser.obj
f:\library\sources\mafia2-online-master\objs\raknetstatic\debug\rakmemoryoverride.obj
f:\library\sources\mafia2-online-master\objs\raknetstatic\debug\rackspace.obj
f:\library\sources\mafia2-online-master\objs\raknetstatic\debug\ps4includes.obj
f:\library\sources\mafia2-online-master\objs\raknetstatic\debug\plugininterface2.obj
f:\library\sources\mafia2-online-master\objs\raknetstatic\debug\packetoutputwindowlogger.obj
f:\library\sources\mafia2-online-master\objs\raknetstatic\debug\packetlogger.obj
f:\library\sources\mafia2-online-master\objs\raknetstatic\debug\packetizedtcp.obj
f:\library\sources\mafia2-online-master\objs\raknetstatic\debug\packetfilelogger.obj
f:\library\sources\mafia2-online-master\objs\raknetstatic\debug\packetconsolelogger.obj
f:\library\sources\mafia2-online-master\objs\raknetstatic\debug\networkidobject.obj
f:\library\sources\mafia2-online-master\objs\raknetstatic\debug\networkidmanager.obj
f:\library\sources\mafia2-online-master\objs\raknetstatic\debug\nattypedetectionserver.obj
f:\library\sources\mafia2-online-master\objs\raknetstatic\debug\nattypedetectioncommon.obj
f:\library\sources\mafia2-online-master\objs\raknetstatic\debug\nattypedetectionclient.obj
f:\library\sources\mafia2-online-master\objs\raknetstatic\debug\natpunchthroughserver.obj
f:\library\sources\mafia2-online-master\objs\raknetstatic\debug\relayplugin.obj
f:\library\sources\mafia2-online-master\objs\raknetstatic\debug\readyevent.obj
f:\library\sources\mafia2-online-master\objs\raknetstatic\debug\randsync.obj
f:\library\sources\mafia2-online-master\objs\raknetstatic\debug\rand.obj
f:\library\sources\mafia2-online-master\objs\raknetstatic\debug\rakwstring.obj
f:\library\sources\mafia2-online-master\objs\raknetstatic\debug\rakthread.obj
f:\library\sources\mafia2-online-master\objs\raknetstatic\debug\rakstring.obj
f:\library\sources\mafia2-online-master\objs\raknetstatic\debug\raksleep.obj
f:\library\sources\mafia2-online-master\objs\raknetstatic\debug\rakpeer.obj
f:\library\sources\mafia2-online-master\objs\raknetstatic\debug\raknettypes.obj
f:\library\sources\mafia2-online-master\objs\raknetstatic\debug\raknettransport2.obj
f:\library\sources\mafia2-online-master\objs\raknetstatic\debug\raknetstatistics.obj
f:\library\sources\mafia2-online-master\objs\raknetstatic\debug\raknetsocket2_windows_linux_360.obj
f:\library\sources\mafia2-online-master\objs\raknetstatic\debug\raknetsocket2_windows_linux.obj
f:\library\sources\mafia2-online-master\objs\raknetstatic\debug\raknetsocket2_windowsstore8.obj
f:\library\sources\mafia2-online-master\objs\raknetstatic\debug\raknetsocket2_vita.obj
f:\library\sources\mafia2-online-master\objs\raknetstatic\debug\raknetsocket2_ps4.obj
f:\library\sources\mafia2-online-master\objs\raknetstatic\debug\raknetsocket2_ps3_ps4.obj
f:\library\sources\mafia2-online-master\objs\raknetstatic\debug\raknetsocket2_nativeclient.obj
f:\library\sources\mafia2-online-master\objs\raknetstatic\debug\raknetsocket2_berkley_nativeclient.obj
f:\library\sources\mafia2-online-master\objs\raknetstatic\debug\twowayauthentication.obj
f:\library\sources\mafia2-online-master\objs\raknetstatic\debug\threadsafepacketlogger.obj
f:\library\sources\mafia2-online-master\objs\raknetstatic\debug\telnettransport.obj
f:\library\sources\mafia2-online-master\objs\raknetstatic\debug\teammanager.obj
f:\library\sources\mafia2-online-master\objs\raknetstatic\debug\teambalancer.obj
f:\library\sources\mafia2-online-master\objs\raknetstatic\debug\tcpinterface.obj
f:\library\sources\mafia2-online-master\objs\raknetstatic\debug\tableserializer.obj
f:\library\sources\mafia2-online-master\objs\raknetstatic\debug\superfasthash.obj
f:\library\sources\mafia2-online-master\objs\raknetstatic\debug\stringtable.obj
f:\library\sources\mafia2-online-master\objs\raknetstatic\debug\stringcompressor.obj
f:\library\sources\mafia2-online-master\objs\raknetstatic\debug\statisticshistory.obj
f:\library\sources\mafia2-online-master\objs\raknetstatic\debug\socketlayer.obj
f:\library\sources\mafia2-online-master\objs\raknetstatic\debug\simplemutex.obj
f:\library\sources\mafia2-online-master\objs\raknetstatic\debug\signaledevent.obj
f:\library\sources\mafia2-online-master\objs\raknetstatic\debug\sendtothread.obj
f:\library\sources\mafia2-online-master\objs\raknetstatic\debug\securehandshake.obj
f:\library\sources\mafia2-online-master\objs\raknetstatic\debug\rpc4plugin.obj
f:\library\sources\mafia2-online-master\objs\raknetstatic\debug\router2.obj
f:\library\sources\mafia2-online-master\objs\raknetstatic\debug\replicamanager3.obj
f:\library\sources\mafia2-online-master\objs\raknetstatic\debug\reliabilitylayer.obj
f:\library\sources\mafia2-online-master\objs\raknetstatic\debug\_findfirst.obj
f:\library\sources\mafia2-online-master\objs\raknetstatic\debug\wsastartupsingleton.obj
f:\library\sources\mafia2-online-master\objs\raknetstatic\debug\vitaincludes.obj
f:\library\sources\mafia2-online-master\objs\raknetstatic\debug\variadicsqlparser.obj
f:\library\sources\mafia2-online-master\objs\raknetstatic\debug\variablelistdeltatracker.obj
f:\library\sources\mafia2-online-master\objs\raknetstatic\debug\variabledeltaserializer.obj
f:\library\sources\mafia2-online-master\objs\raknetstatic\debug\udpproxyserver.obj
f:\library\sources\mafia2-online-master\objs\raknetstatic\debug\udpproxycoordinator.obj
f:\library\sources\mafia2-online-master\objs\raknetstatic\debug\udpproxyclient.obj
f:\library\sources\mafia2-online-master\objs\raknetstatic\debug\udpforwarder.obj
f:\library\sources\mafia2-online-master\libs\debug\raknetstatic_d.lib
f:\library\sources\mafia2-online-master\objs\raknetstatic\debug\raknetstatic.tlog\cl.command.1.tlog
f:\library\sources\mafia2-online-master\objs\raknetstatic\debug\raknetstatic.tlog\cl.read.1.tlog
f:\library\sources\mafia2-online-master\objs\raknetstatic\debug\raknetstatic.tlog\cl.write.1.tlog
f:\library\sources\mafia2-online-master\objs\raknetstatic\debug\raknetstatic.tlog\lib-link.read.1.tlog
f:\library\sources\mafia2-online-master\objs\raknetstatic\debug\raknetstatic.tlog\lib-link.write.1.tlog
f:\library\sources\mafia2-online-master\objs\raknetstatic\debug\raknetstatic.tlog\lib.command.1.tlog
