  StdInc.cpp
  FalTooltip.cpp
  FalTitlebar.cpp
  FalThumb.cpp
  FalTabPane.cpp
  FalTabControlProperties.cpp
  FalTabControl.cpp
  FalTabButton.cpp
  FalSystemButton.cpp
  FalStaticText.cpp
  FalStaticImage.cpp
  FalSpinner.cpp
  FalSliderProperties.cpp
  FalSlider.cpp
  FalScrollbarProperties.cpp
  FalScrollbar.cpp
  FalScrollablePane.cpp
  FalRadioButton.cpp
  FalProgressBarProperties.cpp
  FalProgressBar.cpp
  FalPopupMenu.cpp
  Generating Code...
  Compiling...
  FalMultiLineEditboxProperties.cpp
  FalMultiLineEditbox.cpp
  FalMultiColumnList.cpp
  FalModule.cpp
  FalMenuItem.cpp
  FalMenuBar.cpp
  FalListHeaderSegmentProperties.cpp
  FalListHeaderSegment.cpp
  FalListHeaderProperties.cpp
  FalListHeader.cpp
  FalListbox.cpp
  FalFrameWindow.cpp
  FalEditbox.cpp
  FalComboDropList.cpp
  FalCombobox.cpp
  FalCheckbox.cpp
  FalButton.cpp
  Generating Code...
  Falagard.vcxproj -> D:\Pub\R&R\mafia2\m2mp\Libs\Debug\CEGUI - FalagardBase.lib
