f:\library\sources\mafia2-online-master\objs\cegui - base\debug\cegui - base.pch
f:\library\sources\mafia2-online-master\objs\cegui - base\debug\cegui - base.pdb
f:\library\sources\mafia2-online-master\objs\cegui - base\debug\cegui - base.idb
f:\library\sources\mafia2-online-master\objs\cegui - base\debug\stdinc.obj
f:\library\sources\mafia2-online-master\objs\cegui - base\debug\ceguilogger.obj
f:\library\sources\mafia2-online-master\objs\cegui - base\debug\ceguiimagesetmanager.obj
f:\library\sources\mafia2-online-master\objs\cegui - base\debug\ceguiimageset_xmlhandler.obj
f:\library\sources\mafia2-online-master\objs\cegui - base\debug\ceguiimageset.obj
f:\library\sources\mafia2-online-master\objs\cegui - base\debug\ceguiimage.obj
f:\library\sources\mafia2-online-master\objs\cegui - base\debug\ceguiguilayout_xmlhandler.obj
f:\library\sources\mafia2-online-master\objs\cegui - base\debug\ceguiglobaleventset.obj
f:\library\sources\mafia2-online-master\objs\cegui - base\debug\ceguifontmanager.obj
f:\library\sources\mafia2-online-master\objs\cegui - base\debug\ceguifont_xmlhandler.obj
f:\library\sources\mafia2-online-master\objs\cegui - base\debug\ceguifont.obj
f:\library\sources\mafia2-online-master\objs\cegui - base\debug\ceguifactorymodule.obj
f:\library\sources\mafia2-online-master\objs\cegui - base\debug\ceguiexceptions.obj
f:\library\sources\mafia2-online-master\objs\cegui - base\debug\ceguieventset.obj
f:\library\sources\mafia2-online-master\objs\cegui - base\debug\ceguieventargs.obj
f:\library\sources\mafia2-online-master\objs\cegui - base\debug\ceguievent.obj
f:\library\sources\mafia2-online-master\objs\cegui - base\debug\ceguidefaultresourceprovider.obj
f:\library\sources\mafia2-online-master\objs\cegui - base\debug\ceguiconfig_xmlhandler.obj
f:\library\sources\mafia2-online-master\objs\cegui - base\debug\ceguicolourrect.obj
f:\library\sources\mafia2-online-master\objs\cegui - base\debug\ceguicolour.obj
f:\library\sources\mafia2-online-master\objs\cegui - base\debug\ceguibase.obj
f:\library\sources\mafia2-online-master\objs\cegui - base\debug\ceguitextutils.obj
f:\library\sources\mafia2-online-master\objs\cegui - base\debug\ceguitexture.obj
f:\library\sources\mafia2-online-master\objs\cegui - base\debug\ceguisystem.obj
f:\library\sources\mafia2-online-master\objs\cegui - base\debug\ceguistring.obj
f:\library\sources\mafia2-online-master\objs\cegui - base\debug\ceguisize.obj
f:\library\sources\mafia2-online-master\objs\cegui - base\debug\ceguiscriptmodule.obj
f:\library\sources\mafia2-online-master\objs\cegui - base\debug\ceguischememanager.obj
f:\library\sources\mafia2-online-master\objs\cegui - base\debug\cegui - base.tlog\cl.command.1.tlog
f:\library\sources\mafia2-online-master\objs\cegui - base\debug\cegui - base.tlog\cl.read.1.tlog
f:\library\sources\mafia2-online-master\objs\cegui - base\debug\cegui - base.tlog\cl.write.1.tlog
