d:\pub\r&r\mafia2\m2mp\objs\server.core\release\vc141.pdb
d:\pub\r&r\mafia2\m2mp\objs\server.core\release\sqlite3.obj
d:\pub\r&r\mafia2\m2mp\objs\server.core\release\mongoose.obj
d:\pub\r&r\mafia2\m2mp\objs\server.core\release\sqvm.obj
d:\pub\r&r\mafia2\m2mp\objs\server.core\release\sqtable.obj
d:\pub\r&r\mafia2\m2mp\objs\server.core\release\sqstdsystem.obj
d:\pub\r&r\mafia2\m2mp\objs\server.core\release\sqstdstring.obj
d:\pub\r&r\mafia2\m2mp\objs\server.core\release\sqstdstream.obj
d:\pub\r&r\mafia2\m2mp\objs\server.core\release\sqstdrex.obj
d:\pub\r&r\mafia2\m2mp\objs\server.core\release\sqstdmath.obj
d:\pub\r&r\mafia2\m2mp\objs\server.core\release\sqstdio.obj
d:\pub\r&r\mafia2\m2mp\objs\server.core\release\sqstdblob.obj
d:\pub\r&r\mafia2\m2mp\objs\server.core\release\sqstdaux.obj
d:\pub\r&r\mafia2\m2mp\objs\server.core\release\sqstate.obj
d:\pub\r&r\mafia2\m2mp\objs\server.core\release\sqobject.obj
d:\pub\r&r\mafia2\m2mp\objs\server.core\release\sqmem.obj
d:\pub\r&r\mafia2\m2mp\objs\server.core\release\sqlexer.obj
d:\pub\r&r\mafia2\m2mp\objs\server.core\release\sqfuncstate.obj
d:\pub\r&r\mafia2\m2mp\objs\server.core\release\sqdebug.obj
d:\pub\r&r\mafia2\m2mp\objs\server.core\release\sqcompiler.obj
d:\pub\r&r\mafia2\m2mp\objs\server.core\release\sqclass.obj
d:\pub\r&r\mafia2\m2mp\objs\server.core\release\sqbaselib.obj
d:\pub\r&r\mafia2\m2mp\objs\server.core\release\sqapi.obj
d:\pub\r&r\mafia2\m2mp\objs\server.core\release\server.core.tlog\cl.command.1.tlog
d:\pub\r&r\mafia2\m2mp\objs\server.core\release\server.core.tlog\cl.read.1.tlog
d:\pub\r&r\mafia2\m2mp\objs\server.core\release\server.core.tlog\cl.write.1.tlog
