  mongoose.c
  sqlite3.c
  Generating Code...
  sqapi.cpp
  sqbaselib.cpp
  sqclass.cpp
  sqcompiler.cpp
  sqdebug.cpp
  sqfuncstate.cpp
  sqlexer.cpp
  sqmem.cpp
  sqobject.cpp
  sqstate.cpp
  sqstdaux.cpp
  sqstdblob.cpp
  sqstdio.cpp
  sqstdmath.cpp
  sqstdrex.cpp
  sqstdstream.cpp
  sqstdstring.cpp
  sqstdsystem.cpp
  sqtable.cpp
  sqvm.cpp
  Generating Code...
  Compiling...
  CCommands.cpp
  CEvents.cpp
  CLibrary.cpp
  CLogFile.cpp
  CSettings.cpp
  CSQLite.cpp
  CString.cpp
  CXML.cpp
  CGame.cpp
  Linux.cpp
  md5.cpp
  CHttpClient.cpp
  CNetworkStats.cpp
  CWinSock.cpp
  CScriptingManager.cpp
  CSquirrel.cpp
  CSquirrelArguments.cpp
  CSquirrelCommon.cpp
  CAreaNatives.cpp
  CBlipNatives.cpp
  Generating Code...
  Compiling...
  CEventNatives.cpp
  CHashNatives.cpp
  CSharedPlayerNatives.cpp
  CSharedVehicleNatives.cpp
  CSQLiteNatives.cpp
  CSystemNatives.cpp
  CTimerNatives.cpp
  CUtilNatives.cpp
  CXMLNatives.cpp
  SharedUtility.cpp
  CMutex.cpp
  CThread.cpp
  CTimer.cpp
  CTimerManager.cpp
  CBanManager.cpp
  CBanNatives.cpp
  CBlip.cpp
  CBlipManager.cpp
  CClientScriptingManager.cpp
  CCore.cpp
  Generating Code...
  Compiling...
  CHttpNatives.cpp
  CMasterList.cpp
  CModule.cpp
  CModuleManager.cpp
  CNetworkModule.cpp
  CNetworkPlayer.cpp
  CNetworkRPC.cpp
  CNetworkVehicle.cpp
  CPed.cpp
  CPedManager.cpp
  CPlayerManager.cpp
  CPlayerNatives.cpp
  CQuery.cpp
  CResourceManager.cpp
  CServerNatives.cpp
  CVehicleManager.cpp
  CVehicleNatives.cpp
  CWebRequest.cpp
  CWebServer.cpp
  CWhoWas.cpp
  Generating Code...
  Compiling...
  Main.cpp
  Generating Code...
  tinyxml.lib(tinyxml.obj) : MSIL .netmodule or module compiled with /GL found; restarting link with /LTCG; add /LTCG to the link command line to improve linker performance
  Generating code
  Finished generating code
  Server.vcxproj -> D:\Pub\R&R\mafia2\m2mp\Binary\Release\m2online-svr.exe
